# JRE version: Java(TM) SE Runtime Environment (8.0_121-b13) (build 1.8.0_121-b13)
# Java VM: Java HotSpot(TM) 64-Bit Server VM (25.121-b13 mixed mode windows-amd64 compressed oops)
Heap:
 PSYoungGen      total 56832K, used 17295K [0x00000000eb400000, 0x00000000f2000000, 0x0000000100000000)
  eden space 40960K, 42% used [0x00000000eb400000,0x00000000ec4e3e68,0x00000000edc00000)
  from space 15872K, 0% used [0x00000000ef700000,0x00000000ef700000,0x00000000f0680000)
  to   space 27648K, 0% used [0x00000000edc00000,0x00000000edc00000,0x00000000ef700000)
 ParOldGen       total 84480K, used 30142K [0x00000000c1c00000, 0x00000000c6e80000, 0x00000000eb400000)
  object space 84480K, 35% used [0x00000000c1c00000,0x00000000c396fb90,0x00000000c6e80000)
 Metaspace       used 11118K, capacity 11225K, committed 11520K, reserved 1058816K
  class space    used 1144K, capacity 1169K, committed 1280K, reserved 1048576K
GC Heap History (10 events):
Event: 1.395 GC heap before
{Heap before GC invocations=4 (full 0):
 PSYoungGen      total 18944K, used 18925K [0x00000000eb400000, 0x00000000ed900000, 0x0000000100000000)
  eden space 16384K, 100% used [0x00000000eb400000,0x00000000ec400000,0x00000000ec400000)
  from space 2560K, 99% used [0x00000000ec400000,0x00000000ec67b560,0x00000000ec680000)
  to   space 2560K, 0% used [0x00000000ed680000,0x00000000ed680000,0x00000000ed900000)
 ParOldGen       total 44032K, used 16982K [0x00000000c1c00000, 0x00000000c4700000, 0x00000000eb400000)
  object space 44032K, 38% used [0x00000000c1c00000,0x00000000c2c95ac0,0x00000000c4700000)
 Metaspace       used 9648K, capacity 9747K, committed 10112K, reserved 1058816K
  class space    used 999K, capacity 1040K, committed 1152K, reserved 1048576K
Event: 1.433 GC heap after
Heap after GC invocations=4 (full 0):
 PSYoungGen      total 35328K, used 2540K [0x00000000eb400000, 0x00000000ed900000, 0x0000000100000000)
  eden space 32768K, 0% used [0x00000000eb400000,0x00000000eb400000,0x00000000ed400000)
  from space 2560K, 99% used [0x00000000ed680000,0x00000000ed8fb140,0x00000000ed900000)
  to   space 2560K, 0% used [0x00000000ed400000,0x00000000ed400000,0x00000000ed680000)
 ParOldGen       total 44032K, used 33487K [0x00000000c1c00000, 0x00000000c4700000, 0x00000000eb400000)
  object space 44032K, 76% used [0x00000000c1c00000,0x00000000c3cb3f40,0x00000000c4700000)
 Metaspace       used 9648K, capacity 9747K, committed 10112K, reserved 1058816K
  class space    used 999K, capacity 1040K, committed 1152K, reserved 1048576K
}
Event: 1.433 GC heap before
{Heap before GC invocations=5 (full 1):
 PSYoungGen      total 35328K, used 2540K [0x00000000eb400000, 0x00000000ed900000, 0x0000000100000000)
  eden space 32768K, 0% used [0x00000000eb400000,0x00000000eb400000,0x00000000ed400000)
  from space 2560K, 99% used [0x00000000ed680000,0x00000000ed8fb140,0x00000000ed900000)
  to   space 2560K, 0% used [0x00000000ed400000,0x00000000ed400000,0x00000000ed680000)
 ParOldGen       total 44032K, used 33487K [0x00000000c1c00000, 0x00000000c4700000, 0x00000000eb400000)
  object space 44032K, 76% used [0x00000000c1c00000,0x00000000c3cb3f40,0x00000000c4700000)
 Metaspace       used 9648K, capacity 9747K, committed 10112K, reserved 1058816K
  class space    used 999K, capacity 1040K, committed 1152K, reserved 1048576K
Event: 1.552 GC heap after
Heap after GC invocations=5 (full 1):
 PSYoungGen      total 35328K, used 0K [0x00000000eb400000, 0x00000000ed900000, 0x0000000100000000)
  eden space 32768K, 0% used [0x00000000eb400000,0x00000000eb400000,0x00000000ed400000)
  from space 2560K, 0% used [0x00000000ed680000,0x00000000ed680000,0x00000000ed900000)
  to   space 2560K, 0% used [0x00000000ed400000,0x00000000ed400000,0x00000000ed680000)
 ParOldGen       total 61440K, used 21805K [0x00000000c1c00000, 0x00000000c5800000, 0x00000000eb400000)
  object space 61440K, 35% used [0x00000000c1c00000,0x00000000c314b540,0x00000000c5800000)
 Metaspace       used 9648K, capacity 9747K, committed 10112K, reserved 1058816K
  class space    used 999K, capacity 1040K, committed 1152K, reserved 1048576K
}
Event: 1.791 GC heap before
{Heap before GC invocations=6 (full 1):
 PSYoungGen      total 35328K, used 32768K [0x00000000eb400000, 0x00000000ed900000, 0x0000000100000000)
  eden space 32768K, 100% used [0x00000000eb400000,0x00000000ed400000,0x00000000ed400000)
  from space 2560K, 0% used [0x00000000ed680000,0x00000000ed680000,0x00000000ed900000)
  to   space 2560K, 0% used [0x00000000ed400000,0x00000000ed400000,0x00000000ed680000)
 ParOldGen       total 61440K, used 21805K [0x00000000c1c00000, 0x00000000c5800000, 0x00000000eb400000)
  object space 61440K, 35% used [0x00000000c1c00000,0x00000000c314b540,0x00000000c5800000)
 Metaspace       used 9658K, capacity 9747K, committed 10112K, reserved 1058816K
  class space    used 999K, capacity 1040K, committed 1152K, reserved 1048576K
Event: 1.800 GC heap after
Heap after GC invocations=6 (full 1):
 PSYoungGen      total 35328K, used 2560K [0x00000000eb400000, 0x00000000f0680000, 0x0000000100000000)
  eden space 32768K, 0% used [0x00000000eb400000,0x00000000eb400000,0x00000000ed400000)
  from space 2560K, 100% used [0x00000000ed400000,0x00000000ed680000,0x00000000ed680000)
  to   space 15872K, 0% used [0x00000000ef700000,0x00000000ef700000,0x00000000f0680000)
 ParOldGen       total 61440K, used 27533K [0x00000000c1c00000, 0x00000000c5800000, 0x00000000eb400000)
  object space 61440K, 44% used [0x00000000c1c00000,0x00000000c36e3540,0x00000000c5800000)
 Metaspace       used 9658K, capacity 9747K, committed 10112K, reserved 1058816K
  class space    used 999K, capacity 1040K, committed 1152K, reserved 1048576K
}
Event: 1.857 GC heap before
{Heap before GC invocations=7 (full 1):
 PSYoungGen      total 35328K, used 35328K [0x00000000eb400000, 0x00000000f0680000, 0x0000000100000000)
  eden space 32768K, 100% used [0x00000000eb400000,0x00000000ed400000,0x00000000ed400000)
  from space 2560K, 100% used [0x00000000ed400000,0x00000000ed680000,0x00000000ed680000)
  to   space 15872K, 0% used [0x00000000ef700000,0x00000000ef700000,0x00000000f0680000)
 ParOldGen       total 61440K, used 27533K [0x00000000c1c00000, 0x00000000c5800000, 0x00000000eb400000)
  object space 61440K, 44% used [0x00000000c1c00000,0x00000000c36e3540,0x00000000c5800000)
 Metaspace       used 9658K, capacity 9747K, committed 10112K, reserved 1058816K
  class space    used 999K, capacity 1040K, committed 1152K, reserved 1048576K
Event: 1.881 GC heap after
Heap after GC invocations=7 (full 1):
 PSYoungGen      total 56832K, used 15872K [0x00000000eb400000, 0x00000000f2000000, 0x0000000100000000)
  eden space 40960K, 0% used [0x00000000eb400000,0x00000000eb400000,0x00000000edc00000)
  from space 15872K, 100% used [0x00000000ef700000,0x00000000f0680000,0x00000000f0680000)
  to   space 27648K, 0% used [0x00000000edc00000,0x00000000edc00000,0x00000000ef700000)
 ParOldGen       total 61440K, used 42005K [0x00000000c1c00000, 0x00000000c5800000, 0x00000000eb400000)
  object space 61440K, 68% used [0x00000000c1c00000,0x00000000c4505540,0x00000000c5800000)
 Metaspace       used 9658K, capacity 9747K, committed 10112K, reserved 1058816K
  class space    used 999K, capacity 1040K, committed 1152K, reserved 1048576K
}
Event: 1.881 GC heap before
{Heap before GC invocations=8 (full 2):
 PSYoungGen      total 56832K, used 15872K [0x00000000eb400000, 0x00000000f2000000, 0x0000000100000000)
  eden space 40960K, 0% used [0x00000000eb400000,0x00000000eb400000,0x00000000edc00000)
  from space 15872K, 100% used [0x00000000ef700000,0x00000000f0680000,0x00000000f0680000)
  to   space 27648K, 0% used [0x00000000edc00000,0x00000000edc00000,0x00000000ef700000)
 ParOldGen       total 61440K, used 42005K [0x00000000c1c00000, 0x00000000c5800000, 0x00000000eb400000)
  object space 61440K, 68% used [0x00000000c1c00000,0x00000000c4505540,0x00000000c5800000)
 Metaspace       used 9658K, capacity 9747K, committed 10112K, reserved 1058816K
  class space    used 999K, capacity 1040K, committed 1152K, reserved 1048576K
Event: 1.990 GC heap after
Heap after GC invocations=8 (full 2):
 PSYoungGen      total 56832K, used 0K [0x00000000eb400000, 0x00000000f2000000, 0x0000000100000000)
  eden space 40960K, 0% used [0x00000000eb400000,0x00000000eb400000,0x00000000edc00000)
  from space 15872K, 0% used [0x00000000ef700000,0x00000000ef700000,0x00000000f0680000)
  to   space 27648K, 0% used [0x00000000edc00000,0x00000000edc00000,0x00000000ef700000)
 ParOldGen       total 84480K, used 30142K [0x00000000c1c00000, 0x00000000c6e80000, 0x00000000eb400000)
  object space 84480K, 35% used [0x00000000c1c00000,0x00000000c396fb90,0x00000000c6e80000)
 Metaspace       used 9658K, capacity 9747K, committed 10112K, reserved 1058816K
  class space    used 999K, capacity 1040K, committed 1152K, reserved 1048576K
}

