# JRE version: Java(TM) SE Runtime Environment (8.0_121-b13) (build 1.8.0_121-b13)
# Java VM: Java HotSpot(TM) 64-Bit Server VM (25.121-b13 mixed mode windows-amd64 compressed oops)
Heap:
 PSYoungGen      total 80384K, used 50292K [0x00000000eb400000, 0x00000000f2580000, 0x0000000100000000)
  eden space 56832K, 53% used [0x00000000eb400000,0x00000000ed1cd390,0x00000000eeb80000)
  from space 23552K, 83% used [0x00000000f0e80000,0x00000000f21d0000,0x00000000f2580000)
  to   space 29696K, 0% used [0x00000000eeb80000,0x00000000eeb80000,0x00000000f0880000)
 ParOldGen       total 56832K, used 11308K [0x00000000c1c00000, 0x00000000c5380000, 0x00000000eb400000)
  object space 56832K, 19% used [0x00000000c1c00000,0x00000000c270b2b8,0x00000000c5380000)
 Metaspace       used 11267K, capacity 11353K, committed 11520K, reserved 1058816K
  class space    used 1144K, capacity 1169K, committed 1280K, reserved 1048576K
GC Heap History (10 events):
Event: 1.497 GC heap before
{Heap before GC invocations=3 (full 0):
 PSYoungGen      total 18944K, used 18926K [0x00000000eb400000, 0x00000000ec900000, 0x0000000100000000)
  eden space 16384K, 100% used [0x00000000eb400000,0x00000000ec400000,0x00000000ec400000)
  from space 2560K, 99% used [0x00000000ec680000,0x00000000ec8fba68,0x00000000ec900000)
  to   space 2560K, 0% used [0x00000000ec400000,0x00000000ec400000,0x00000000ec680000)
 ParOldGen       total 44032K, used 1880K [0x00000000c1c00000, 0x00000000c4700000, 0x00000000eb400000)
  object space 44032K, 4% used [0x00000000c1c00000,0x00000000c1dd6308,0x00000000c4700000)
 Metaspace       used 9758K, capacity 9875K, committed 10112K, reserved 1058816K
  class space    used 999K, capacity 1040K, committed 1152K, reserved 1048576K
Event: 1.500 GC heap after
Heap after GC invocations=3 (full 0):
 PSYoungGen      total 18944K, used 2534K [0x00000000eb400000, 0x00000000ed900000, 0x0000000100000000)
  eden space 16384K, 0% used [0x00000000eb400000,0x00000000eb400000,0x00000000ec400000)
  from space 2560K, 98% used [0x00000000ec400000,0x00000000ec679980,0x00000000ec680000)
  to   space 2560K, 0% used [0x00000000ed680000,0x00000000ed680000,0x00000000ed900000)
 ParOldGen       total 44032K, used 1904K [0x00000000c1c00000, 0x00000000c4700000, 0x00000000eb400000)
  object space 44032K, 4% used [0x00000000c1c00000,0x00000000c1ddc308,0x00000000c4700000)
 Metaspace       used 9758K, capacity 9875K, committed 10112K, reserved 1058816K
  class space    used 999K, capacity 1040K, committed 1152K, reserved 1048576K
}
Event: 1.547 GC heap before
{Heap before GC invocations=4 (full 0):
 PSYoungGen      total 18944K, used 18918K [0x00000000eb400000, 0x00000000ed900000, 0x0000000100000000)
  eden space 16384K, 100% used [0x00000000eb400000,0x00000000ec400000,0x00000000ec400000)
  from space 2560K, 98% used [0x00000000ec400000,0x00000000ec679980,0x00000000ec680000)
  to   space 2560K, 0% used [0x00000000ed680000,0x00000000ed680000,0x00000000ed900000)
 ParOldGen       total 44032K, used 1904K [0x00000000c1c00000, 0x00000000c4700000, 0x00000000eb400000)
  object space 44032K, 4% used [0x00000000c1c00000,0x00000000c1ddc308,0x00000000c4700000)
 Metaspace       used 9765K, capacity 9875K, committed 10112K, reserved 1058816K
  class space    used 999K, capacity 1040K, committed 1152K, reserved 1048576K
Event: 1.567 GC heap after
Heap after GC invocations=4 (full 0):
 PSYoungGen      total 35328K, used 2540K [0x00000000eb400000, 0x00000000ed900000, 0x0000000100000000)
  eden space 32768K, 0% used [0x00000000eb400000,0x00000000eb400000,0x00000000ed400000)
  from space 2560K, 99% used [0x00000000ed680000,0x00000000ed8fb150,0x00000000ed900000)
  to   space 2560K, 0% used [0x00000000ed400000,0x00000000ed400000,0x00000000ed680000)
 ParOldGen       total 44032K, used 9202K [0x00000000c1c00000, 0x00000000c4700000, 0x00000000eb400000)
  object space 44032K, 20% used [0x00000000c1c00000,0x00000000c24fcb78,0x00000000c4700000)
 Metaspace       used 9765K, capacity 9875K, committed 10112K, reserved 1058816K
  class space    used 999K, capacity 1040K, committed 1152K, reserved 1048576K
}
Event: 1.746 GC heap before
{Heap before GC invocations=5 (full 0):
 PSYoungGen      total 35328K, used 35308K [0x00000000eb400000, 0x00000000ed900000, 0x0000000100000000)
  eden space 32768K, 100% used [0x00000000eb400000,0x00000000ed400000,0x00000000ed400000)
  from space 2560K, 99% used [0x00000000ed680000,0x00000000ed8fb150,0x00000000ed900000)
  to   space 2560K, 0% used [0x00000000ed400000,0x00000000ed400000,0x00000000ed680000)
 ParOldGen       total 44032K, used 9202K [0x00000000c1c00000, 0x00000000c4700000, 0x00000000eb400000)
  object space 44032K, 20% used [0x00000000c1c00000,0x00000000c24fcb78,0x00000000c4700000)
 Metaspace       used 9773K, capacity 9875K, committed 10112K, reserved 1058816K
  class space    used 999K, capacity 1040K, committed 1152K, reserved 1048576K
Event: 1.773 GC heap after
Heap after GC invocations=5 (full 0):
 PSYoungGen      total 35328K, used 2544K [0x00000000eb400000, 0x00000000f2900000, 0x0000000100000000)
  eden space 32768K, 0% used [0x00000000eb400000,0x00000000eb400000,0x00000000ed400000)
  from space 2560K, 99% used [0x00000000ed400000,0x00000000ed67c010,0x00000000ed680000)
  to   space 27136K, 0% used [0x00000000f0e80000,0x00000000f0e80000,0x00000000f2900000)
 ParOldGen       total 44032K, used 38248K [0x00000000c1c00000, 0x00000000c4700000, 0x00000000eb400000)
  object space 44032K, 86% used [0x00000000c1c00000,0x00000000c415a200,0x00000000c4700000)
 Metaspace       used 9773K, capacity 9875K, committed 10112K, reserved 1058816K
  class space    used 999K, capacity 1040K, committed 1152K, reserved 1048576K
}
Event: 1.773 GC heap before
{Heap before GC invocations=6 (full 1):
 PSYoungGen      total 35328K, used 2544K [0x00000000eb400000, 0x00000000f2900000, 0x0000000100000000)
  eden space 32768K, 0% used [0x00000000eb400000,0x00000000eb400000,0x00000000ed400000)
  from space 2560K, 99% used [0x00000000ed400000,0x00000000ed67c010,0x00000000ed680000)
  to   space 27136K, 0% used [0x00000000f0e80000,0x00000000f0e80000,0x00000000f2900000)
 ParOldGen       total 44032K, used 38248K [0x00000000c1c00000, 0x00000000c4700000, 0x00000000eb400000)
  object space 44032K, 86% used [0x00000000c1c00000,0x00000000c415a200,0x00000000c4700000)
 Metaspace       used 9773K, capacity 9875K, committed 10112K, reserved 1058816K
  class space    used 999K, capacity 1040K, committed 1152K, reserved 1048576K
Event: 1.835 GC heap after
Heap after GC invocations=6 (full 1):
 PSYoungGen      total 35328K, used 0K [0x00000000eb400000, 0x00000000f2900000, 0x0000000100000000)
  eden space 32768K, 0% used [0x00000000eb400000,0x00000000eb400000,0x00000000ed400000)
  from space 2560K, 0% used [0x00000000ed400000,0x00000000ed400000,0x00000000ed680000)
  to   space 27136K, 0% used [0x00000000f0e80000,0x00000000f0e80000,0x00000000f2900000)
 ParOldGen       total 56832K, used 11308K [0x00000000c1c00000, 0x00000000c5380000, 0x00000000eb400000)
  object space 56832K, 19% used [0x00000000c1c00000,0x00000000c270b2b8,0x00000000c5380000)
 Metaspace       used 9773K, capacity 9875K, committed 10112K, reserved 1058816K
  class space    used 999K, capacity 1040K, committed 1152K, reserved 1048576K
}
Event: 1.987 GC heap before
{Heap before GC invocations=7 (full 1):
 PSYoungGen      total 35328K, used 32768K [0x00000000eb400000, 0x00000000f2900000, 0x0000000100000000)
  eden space 32768K, 100% used [0x00000000eb400000,0x00000000ed400000,0x00000000ed400000)
  from space 2560K, 0% used [0x00000000ed400000,0x00000000ed400000,0x00000000ed680000)
  to   space 27136K, 0% used [0x00000000f0e80000,0x00000000f0e80000,0x00000000f2900000)
 ParOldGen       total 56832K, used 11308K [0x00000000c1c00000, 0x00000000c5380000, 0x00000000eb400000)
  object space 56832K, 19% used [0x00000000c1c00000,0x00000000c270b2b8,0x00000000c5380000)
 Metaspace       used 9775K, capacity 9875K, committed 10112K, reserved 1058816K
  class space    used 999K, capacity 1040K, committed 1152K, reserved 1048576K
Event: 2.004 GC heap after
Heap after GC invocations=7 (full 1):
 PSYoungGen      total 80384K, used 19776K [0x00000000eb400000, 0x00000000f2580000, 0x0000000100000000)
  eden space 56832K, 0% used [0x00000000eb400000,0x00000000eb400000,0x00000000eeb80000)
  from space 23552K, 83% used [0x00000000f0e80000,0x00000000f21d0000,0x00000000f2580000)
  to   space 29696K, 0% used [0x00000000eeb80000,0x00000000eeb80000,0x00000000f0880000)
 ParOldGen       total 56832K, used 11308K [0x00000000c1c00000, 0x00000000c5380000, 0x00000000eb400000)
  object space 56832K, 19% used [0x00000000c1c00000,0x00000000c270b2b8,0x00000000c5380000)
 Metaspace       used 9775K, capacity 9875K, committed 10112K, reserved 1058816K
  class space    used 999K, capacity 1040K, committed 1152K, reserved 1048576K
}

